Using pre-set license
Built from '2020.3/staging' branch; Version is '2020.3.17f1 (a4537701e4ab) revision 10769271'; Using compiler version '192528614'; Build Type 'Release'
OS: 'Windows 10 Home; OS build 19045.2965; Version 2009; 64bit' Language: 'en' Physical Memory: 16291 MB
BatchMode: 1, IsHumanControllingUs: 0, StartBugReporterOnCrash: 0, Is64bit: 1, IsPro: 0

COMMAND LINE ARGUMENTS:
C:\Program Files\Unity\Hub\Editor\2020.3.17f1\Editor\Unity.exe
-adb2
-batchMode
-noUpm
-name
AssetImportWorker0
-projectPath
C:/Users/Muffin/Downloads/AI Final Project
-logFile
Logs/AssetImportWorker0.log
-srvPort
51727
Successfully changed project path to: C:/Users/Muffin/Downloads/AI Final Project
C:/Users/Muffin/Downloads/AI Final Project
Using Asset Import Pipeline V2.
Refreshing native plugins compatible for Editor in 52.88 ms, found 2 plugins.
Preloading 0 native plugins for Editor in 0.00 ms.
Initialize engine version: 2020.3.17f1 (a4537701e4ab)
[Subsystems] Discovering subsystems at path C:/Program Files/Unity/Hub/Editor/2020.3.17f1/Editor/Data/Resources/UnitySubsystems
[Subsystems] Discovering subsystems at path C:/Users/Muffin/Downloads/AI Final Project/Assets
GfxDevice: creating device client; threaded=0
Direct3D:
    Version:  Direct3D 11.0 [level 11.1]
    Renderer: NVIDIA GeForce GTX 1650 Ti (ID=0x1f95)
    Vendor:   
    VRAM:     3949 MB
    Driver:   31.0.15.3168
Initialize mono
Mono path[0] = 'C:/Program Files/Unity/Hub/Editor/2020.3.17f1/Editor/Data/Managed'
Mono path[1] = 'C:/Program Files/Unity/Hub/Editor/2020.3.17f1/Editor/Data/MonoBleedingEdge/lib/mono/unityjit'
Mono config path = 'C:/Program Files/Unity/Hub/Editor/2020.3.17f1/Editor/Data/MonoBleedingEdge/etc'
Using monoOptions --debugger-agent=transport=dt_socket,embedding=1,server=y,suspend=n,address=127.0.0.1:56424
Begin MonoManager ReloadAssembly
Registering precompiled unity dll's ...
Register platform support module: C:/Program Files/Unity/Hub/Editor/2020.3.17f1/Editor/Data/PlaybackEngines/WebGLSupport/UnityEditor.WebGL.Extensions.dll
Register platform support module: C:/Program Files/Unity/Hub/Editor/2020.3.17f1/Editor/Data/PlaybackEngines/WindowsStandaloneSupport/UnityEditor.WindowsStandalone.Extensions.dll
Registered in 0.003692 seconds.
Native extension for WindowsStandalone target not found
Native extension for WebGL target not found
Refreshing native plugins compatible for Editor in 38.43 ms, found 2 plugins.
Preloading 0 native plugins for Editor in 0.00 ms.
Mono: successfully reloaded assembly
- Completed reload, in  1.493 seconds
Domain Reload Profiling:
	ReloadAssembly (1494ms)
		BeginReloadAssembly (78ms)
			ExecutionOrderSort (0ms)
			DisableScriptedObjects (0ms)
			BackupInstance (0ms)
			ReleaseScriptingObjects (0ms)
			CreateAndSetChildDomain (1ms)
		EndReloadAssembly (508ms)
			LoadAssemblies (74ms)
			RebuildTransferFunctionScriptingTraits (0ms)
			SetupTypeCache (210ms)
			ReleaseScriptCaches (0ms)
			RebuildScriptCaches (36ms)
			SetupLoadedEditorAssemblies (177ms)
				LogAssemblyErrors (0ms)
				InitializePlatformSupportModulesInManaged (5ms)
				SetLoadedEditorAssemblies (0ms)
				RefreshPlugins (39ms)
				BeforeProcessingInitializeOnLoad (14ms)
				ProcessInitializeOnLoadAttributes (89ms)
				ProcessInitializeOnLoadMethodAttributes (29ms)
				AfterProcessingInitializeOnLoad (0ms)
				EditorAssembliesLoaded (0ms)
			ExecutionOrderSort2 (0ms)
			AwakeInstancesAfterBackupRestoration (0ms)
Platform modules already initialized, skipping
Registering precompiled user dll's ...
Registered in 0.005910 seconds.
Begin MonoManager ReloadAssembly
Native extension for WindowsStandalone target not found
Native extension for WebGL target not found
Refreshing native plugins compatible for Editor in 43.06 ms, found 2 plugins.
Preloading 0 native plugins for Editor in 0.00 ms.
Mono: successfully reloaded assembly
- Completed reload, in  1.421 seconds
Domain Reload Profiling:
	ReloadAssembly (1422ms)
		BeginReloadAssembly (167ms)
			ExecutionOrderSort (0ms)
			DisableScriptedObjects (5ms)
			BackupInstance (0ms)
			ReleaseScriptingObjects (0ms)
			CreateAndSetChildDomain (20ms)
		EndReloadAssembly (1176ms)
			LoadAssemblies (104ms)
			RebuildTransferFunctionScriptingTraits (0ms)
			SetupTypeCache (326ms)
			ReleaseScriptCaches (0ms)
			RebuildScriptCaches (50ms)
			SetupLoadedEditorAssemblies (564ms)
				LogAssemblyErrors (0ms)
				InitializePlatformSupportModulesInManaged (5ms)
				SetLoadedEditorAssemblies (0ms)
				RefreshPlugins (43ms)
				BeforeProcessingInitializeOnLoad (81ms)
				ProcessInitializeOnLoadAttributes (398ms)
				ProcessInitializeOnLoadMethodAttributes (21ms)
				AfterProcessingInitializeOnLoad (15ms)
				EditorAssembliesLoaded (0ms)
			ExecutionOrderSort2 (0ms)
			AwakeInstancesAfterBackupRestoration (7ms)
Platform modules already initialized, skipping
========================================================================
Worker process is ready to serve import requests
Launched and connected shader compiler UnityShaderCompiler.exe after 0.09 seconds
Refreshing native plugins compatible for Editor in 0.62 ms, found 2 plugins.
Preloading 0 native plugins for Editor in 0.00 ms.
Unloading 1856 Unused Serialized files (Serialized files now loaded: 0)
System memory in use before: 83.1 MB.
System memory in use after: 83.2 MB.

Unloading 22 unused Assets to reduce memory usage. Loaded Objects now: 2291.
Total: 3.921300 ms (FindLiveObjects: 0.288500 ms CreateObjectMapping: 0.105600 ms MarkObjects: 3.378800 ms  DeleteObjects: 0.147100 ms)

AssetImportParameters requested are different than current active one (requested -> active):
  custom:framework-win-MediaFoundation: 216162199b28c13a410421893ffa2e32 -> 
  custom:video-decoder-ogg-theora: a1e56fd34408186e4bbccfd4996cb3dc -> 
  custom:container-muxer-webm: aa71ff27fc2769a1b78a27578f13a17b -> 
  custom:container-demuxer-webm: 4f35f7cbe854078d1ac9338744f61a02 -> 
  custom:container-demuxer-ogg: 62fdf1f143b41e24485cea50d1cbac27 -> 
  custom:video-encoder-webm-vp8: eb34c28f22e8b96e1ab97ce403110664 -> 
  custom:video-codec-MediaFoundation-h265: 746d11721c4dcdbdad8f713fa42b33f4 -> 
  custom:video-decoder-webm-vp8: 9c59270c3fd7afecdb556c50c9e8de78 -> 
  custom:audio-decoder-ogg-vorbis: bf7c407c2cedff20999df2af8eb42d56 -> 
  custom:audio-encoder-webm-vorbis: bf7c407c2cedff20999df2af8eb42d56 -> 
========================================================================
Received Import Request.
  path: Assets/StarterAssets/Readme.asset
  artifactKey: Guid(4181bfe715a83e843b7538d750dc57cc) Importer(815301076,1909f56bfc062723c751e8b465ee728b)
Start importing Assets/StarterAssets/Readme.asset using Guid(4181bfe715a83e843b7538d750dc57cc) Importer(815301076,1909f56bfc062723c751e8b465ee728b)  -> (artifact id: '13167d1a8141c6a91ea2a8d07c3902f8') in 0.066355 seconds 
  Import took 0.069657 seconds .

========================================================================
Received Import Request.
  Time since last request: 142.056140 seconds.
  path: Assets
  artifactKey: Guid(00000000000000001000000000000000) Importer(815301076,1909f56bfc062723c751e8b465ee728b)
Start importing Assets using Guid(00000000000000001000000000000000) Importer(815301076,1909f56bfc062723c751e8b465ee728b)  -> (artifact id: '42d402b061de3733987d63b9cc3b64de') in 0.010952 seconds 
  Import took 0.014324 seconds .

========================================================================
Received Import Request.
  Time since last request: 0.001851 seconds.
  path: Assets
  artifactKey: Guid(00000000000000001000000000000000) Importer(815301076,1909f56bfc062723c751e8b465ee728b)
Start importing Assets using Guid(00000000000000001000000000000000) Importer(815301076,1909f56bfc062723c751e8b465ee728b)  -> (artifact id: '42d402b061de3733987d63b9cc3b64de') in 0.002737 seconds 
  Import took 0.005759 seconds .

========================================================================
Received Import Request.
  Time since last request: 3.971747 seconds.
  path: Assets/New Folder
  artifactKey: Guid(d5a6fea68a7656d48907647cf84a664a) Importer(815301076,1909f56bfc062723c751e8b465ee728b)
Start importing Assets/New Folder using Guid(d5a6fea68a7656d48907647cf84a664a) Importer(815301076,1909f56bfc062723c751e8b465ee728b)  -> (artifact id: 'f5c5724b771a6162e0f6b4bbd8dc69c1') in 0.008398 seconds 
  Import took 0.011534 seconds .

========================================================================
Received Import Request.
  Time since last request: 426.352597 seconds.
  path: Assets/FPCharacter.prefab
  artifactKey: Guid(600be4a371d7c41a58b162eb0d4ffdb7) Importer(815301076,1909f56bfc062723c751e8b465ee728b)
Start importing Assets/FPCharacter.prefab using Guid(600be4a371d7c41a58b162eb0d4ffdb7) Importer(815301076,1909f56bfc062723c751e8b465ee728b)  -> (artifact id: 'bde70de81eee9c1c7d5a1f32a368567c') in 0.283840 seconds 
  Import took 0.287252 seconds .

========================================================================
Received Import Request.
  Time since last request: 18.129840 seconds.
  path: Assets/StarterAssets/Editor/ThirdPersonStarterAssetsDeployMenu.cs
  artifactKey: Guid(b70f45aa92a641feb261c5d55ce46edf) Importer(815301076,1909f56bfc062723c751e8b465ee728b)
Start importing Assets/StarterAssets/Editor/ThirdPersonStarterAssetsDeployMenu.cs using Guid(b70f45aa92a641feb261c5d55ce46edf) Importer(815301076,1909f56bfc062723c751e8b465ee728b)  -> (artifact id: 'fe5b3ab0b28d6c351a515c47e4cf779a') in 0.015000 seconds 
  Import took 0.018108 seconds .

========================================================================
Received Import Request.
  Time since last request: 1.953031 seconds.
  path: Assets/StarterAssets/Editor/FirstPersonStarterAssetsDeployMenu.cs
  artifactKey: Guid(9387ada430244cac953616bcaca61424) Importer(815301076,1909f56bfc062723c751e8b465ee728b)
Start importing Assets/StarterAssets/Editor/FirstPersonStarterAssetsDeployMenu.cs using Guid(9387ada430244cac953616bcaca61424) Importer(815301076,1909f56bfc062723c751e8b465ee728b)  -> (artifact id: '575878fbfc3b1d50f506b1b8be1d0479') in 0.011628 seconds 
  Import took 0.014918 seconds .

========================================================================
Received Import Request.
  Time since last request: 53.343666 seconds.
  path: Assets/StarterAssets
  artifactKey: Guid(9afd3a430aefb154d86ee557f64f67db) Importer(815301076,1909f56bfc062723c751e8b465ee728b)
Start importing Assets/StarterAssets using Guid(9afd3a430aefb154d86ee557f64f67db) Importer(815301076,1909f56bfc062723c751e8b465ee728b)  -> (artifact id: '7db29bb92844a48db18266d52d93f253') in 0.019474 seconds 
  Import took 0.026693 seconds .

========================================================================
Received Import Request.
  Time since last request: 3.120420 seconds.
  path: Assets/New Folder/Standard Assets
  artifactKey: Guid(e3ca090a3ae87804784c5075bdb00b0a) Importer(815301076,1909f56bfc062723c751e8b465ee728b)
Start importing Assets/New Folder/Standard Assets using Guid(e3ca090a3ae87804784c5075bdb00b0a) Importer(815301076,1909f56bfc062723c751e8b465ee728b)  -> (artifact id: '1e9d3949c2efd1f5bd02ffb922018e88') in 0.019897 seconds 
  Import took 0.029644 seconds .

========================================================================
Received Import Request.
  Time since last request: 0.070818 seconds.
  path: Assets/New Folder/Standard Assets/Building.prefab
  artifactKey: Guid(abec36fdb274b43b29ea0395abc4e7da) Importer(815301076,1909f56bfc062723c751e8b465ee728b)
Start importing Assets/New Folder/Standard Assets/Building.prefab using Guid(abec36fdb274b43b29ea0395abc4e7da) Importer(815301076,1909f56bfc062723c751e8b465ee728b)  -> (artifact id: '09fb08ca7d3ad12b89c92a51069c4262') in 0.737706 seconds 
  Import took 0.743625 seconds .

========================================================================
Received Import Request.
  Time since last request: 17.334956 seconds.
  path: Assets/New Folder/GuardScene
  artifactKey: Guid(3f4ddaaa1841aa64c8ce8fc64ac21b61) Importer(815301076,1909f56bfc062723c751e8b465ee728b)
Start importing Assets/New Folder/GuardScene using Guid(3f4ddaaa1841aa64c8ce8fc64ac21b61) Importer(815301076,1909f56bfc062723c751e8b465ee728b)  -> (artifact id: '3748ca563e15684ba873d16dbbcad99b') in 0.014585 seconds 
  Import took 0.017456 seconds .

========================================================================
Received Import Request.
  Time since last request: 2.234254 seconds.
  path: Assets/New Folder/Standard Assets/Models
  artifactKey: Guid(1d9a0e1ca1e1e0240bc2cfdc5b332a03) Importer(815301076,1909f56bfc062723c751e8b465ee728b)
Start importing Assets/New Folder/Standard Assets/Models using Guid(1d9a0e1ca1e1e0240bc2cfdc5b332a03) Importer(815301076,1909f56bfc062723c751e8b465ee728b)  -> (artifact id: 'ad77e9642a820f1c758b3c428c7dd90f') in 0.015871 seconds 
  Import took 0.018903 seconds .

========================================================================
Received Import Request.
  Time since last request: 2.889327 seconds.
  path: Assets/New Folder/Standard Assets/Characters
  artifactKey: Guid(5c9c326f521b5e847b47bd18c9ae3d4d) Importer(815301076,1909f56bfc062723c751e8b465ee728b)
Start importing Assets/New Folder/Standard Assets/Characters using Guid(5c9c326f521b5e847b47bd18c9ae3d4d) Importer(815301076,1909f56bfc062723c751e8b465ee728b)  -> (artifact id: 'a49de8ae04bc5737d0a167e225bc71a9') in 0.010529 seconds 
  Import took 0.013168 seconds .

========================================================================
Received Import Request.
  Time since last request: 0.738462 seconds.
  path: Assets/New Folder/Standard Assets/Characters/FirstPersonCharacter
  artifactKey: Guid(19a5569d82dc8974c80d240396c37fbc) Importer(815301076,1909f56bfc062723c751e8b465ee728b)
Start importing Assets/New Folder/Standard Assets/Characters/FirstPersonCharacter using Guid(19a5569d82dc8974c80d240396c37fbc) Importer(815301076,1909f56bfc062723c751e8b465ee728b)  -> (artifact id: 'bf28fc9bb1be456c1bccc8bed14ff40c') in 0.010847 seconds 
  Import took 0.013643 seconds .

========================================================================
Received Import Request.
  Time since last request: 49.499412 seconds.
  path: Assets/StarterAssets/Editor
  artifactKey: Guid(577651ee23b1b8342a827136803910fb) Importer(815301076,1909f56bfc062723c751e8b465ee728b)
Start importing Assets/StarterAssets/Editor using Guid(577651ee23b1b8342a827136803910fb) Importer(815301076,1909f56bfc062723c751e8b465ee728b)  -> (artifact id: 'e4c57f420eb03aa2dd7305cfae48794b') in 0.010349 seconds 
  Import took 0.013022 seconds .

========================================================================
Received Import Request.
  Time since last request: 46.564186 seconds.
  path: Assets/New Folder/GuardScene/NavMesh.asset
  artifactKey: Guid(a26a62d8dbbe0457a9aeb7a2a2ee3510) Importer(815301076,1909f56bfc062723c751e8b465ee728b)
Start importing Assets/New Folder/GuardScene/NavMesh.asset using Guid(a26a62d8dbbe0457a9aeb7a2a2ee3510) Importer(815301076,1909f56bfc062723c751e8b465ee728b)  -> (artifact id: 'aaa5223afd3c2171ea88fcd01aad093d') in 0.012469 seconds 
  Import took 0.015946 seconds .

========================================================================
Received Import Request.
  Time since last request: 0.000413 seconds.
  path: Assets/New Folder/GuardScene/shoot.wav
  artifactKey: Guid(637e36e59f82d4bca899fe51c14721cf) Importer(815301076,1909f56bfc062723c751e8b465ee728b)
Start importing Assets/New Folder/GuardScene/shoot.wav using Guid(637e36e59f82d4bca899fe51c14721cf) Importer(815301076,1909f56bfc062723c751e8b465ee728b)  -> (artifact id: 'ddeec7aad2c7c335209fa04404f4984f') in 0.042388 seconds 
  Import took 0.045048 seconds .

========================================================================
Received Import Request.
  Time since last request: 4.818519 seconds.
  path: Assets/New Folder/GuardScene.unity
  artifactKey: Guid(c9fbbaca3ea2d4f3db4a2bd8a254e7df) Importer(815301076,1909f56bfc062723c751e8b465ee728b)
Start importing Assets/New Folder/GuardScene.unity using Guid(c9fbbaca3ea2d4f3db4a2bd8a254e7df) Importer(815301076,1909f56bfc062723c751e8b465ee728b)  -> (artifact id: '00b683d8010e6dda26b4369322fa1049') in 0.011524 seconds 
  Import took 0.014698 seconds .

========================================================================
Received Import Request.
  Time since last request: 1.814515 seconds.
  path: Assets/New Folder/Standard Assets/Utility
  artifactKey: Guid(e0c693ca64a71c44ab9f113daec2d526) Importer(815301076,1909f56bfc062723c751e8b465ee728b)
Start importing Assets/New Folder/Standard Assets/Utility using Guid(e0c693ca64a71c44ab9f113daec2d526) Importer(815301076,1909f56bfc062723c751e8b465ee728b)  -> (artifact id: '18c9e25c4f7929da684c48fcf798bcca') in 0.010308 seconds 
  Import took 0.013109 seconds .

========================================================================
Received Import Request.
  Time since last request: 0.543749 seconds.
  path: Assets/New Folder/Standard Assets/StarterAssets
  artifactKey: Guid(3fb3d3fdc7b004969b1463e9e149726e) Importer(815301076,1909f56bfc062723c751e8b465ee728b)
Start importing Assets/New Folder/Standard Assets/StarterAssets using Guid(3fb3d3fdc7b004969b1463e9e149726e) Importer(815301076,1909f56bfc062723c751e8b465ee728b)  -> (artifact id: '2f34a083f2ed3c2b2dc8674fbdae4226') in 0.003566 seconds 
  Import took 0.006840 seconds .

========================================================================
Received Import Request.
  Time since last request: 0.324828 seconds.
  path: Assets/New Folder/Standard Assets/Terrain Assets
  artifactKey: Guid(c699ee9f913ab0542b22bdc73e072b29) Importer(815301076,1909f56bfc062723c751e8b465ee728b)
Start importing Assets/New Folder/Standard Assets/Terrain Assets using Guid(c699ee9f913ab0542b22bdc73e072b29) Importer(815301076,1909f56bfc062723c751e8b465ee728b)  -> (artifact id: '70f471e830b20ae21ba3a6962ce31371') in 0.010162 seconds 
  Import took 0.013147 seconds .

========================================================================
Received Import Request.
  Time since last request: 0.425895 seconds.
  path: Assets/New Folder/Standard Assets/ParticleSystems
  artifactKey: Guid(dde1c330cfb9f87478c6134230803035) Importer(815301076,1909f56bfc062723c751e8b465ee728b)
Start importing Assets/New Folder/Standard Assets/ParticleSystems using Guid(dde1c330cfb9f87478c6134230803035) Importer(815301076,1909f56bfc062723c751e8b465ee728b)  -> (artifact id: '046376da8a96e433233050fa28d7dfbe') in 0.010091 seconds 
  Import took 0.012771 seconds .

========================================================================
Received Import Request.
  Time since last request: 3.347237 seconds.
  path: Assets/New Folder/Standard Assets/StarterAssets/FirstPersonController
  artifactKey: Guid(24b6cfc1f7567ec448cc19d73d593576) Importer(815301076,1909f56bfc062723c751e8b465ee728b)
Start importing Assets/New Folder/Standard Assets/StarterAssets/FirstPersonController using Guid(24b6cfc1f7567ec448cc19d73d593576) Importer(815301076,1909f56bfc062723c751e8b465ee728b)  -> (artifact id: '1eacbf980d411708422213201f6f605f') in 0.010215 seconds 
  Import took 0.013287 seconds .

========================================================================
Received Import Request.
  Time since last request: 11.717040 seconds.
  path: Assets/New Folder/Standard Assets/CrossPlatformInput
  artifactKey: Guid(e629522d6e1a9b343aecf9e57bb14807) Importer(815301076,1909f56bfc062723c751e8b465ee728b)
Start importing Assets/New Folder/Standard Assets/CrossPlatformInput using Guid(e629522d6e1a9b343aecf9e57bb14807) Importer(815301076,1909f56bfc062723c751e8b465ee728b)  -> (artifact id: '331724c1b8cf193ebfcb5c146a47da94') in 0.011669 seconds 
  Import took 0.014597 seconds .

========================================================================
Received Import Request.
  Time since last request: 2.479538 seconds.
  path: Assets/New Folder/Standard Assets/CrossPlatformInput/Scripts
  artifactKey: Guid(595713399e4c0e142be2e6e39b009115) Importer(815301076,1909f56bfc062723c751e8b465ee728b)
Start importing Assets/New Folder/Standard Assets/CrossPlatformInput/Scripts using Guid(595713399e4c0e142be2e6e39b009115) Importer(815301076,1909f56bfc062723c751e8b465ee728b)  -> (artifact id: 'b1712f37f2998df58e2db323c4bd8eac') in 0.011395 seconds 
  Import took 0.014103 seconds .

========================================================================
Received Import Request.
  Time since last request: 11.665225 seconds.
  path: Assets/New Folder/Standard Assets/Models/Terrain Assets
  artifactKey: Guid(5be88800860af5d4c82e33c4bbd2a243) Importer(815301076,1909f56bfc062723c751e8b465ee728b)
Start importing Assets/New Folder/Standard Assets/Models/Terrain Assets using Guid(5be88800860af5d4c82e33c4bbd2a243) Importer(815301076,1909f56bfc062723c751e8b465ee728b)  -> (artifact id: '40db536b7af62961f42f1e8c373c244a') in 0.003884 seconds 
  Import took 0.007727 seconds .

========================================================================
Received Import Request.
  Time since last request: 0.681472 seconds.
  path: Assets/New Folder/Standard Assets/Models/Terrain Assets/Trees Ambient-Occlusion
  artifactKey: Guid(b05a7ad0bb01b424dabcf8706a310fdd) Importer(815301076,1909f56bfc062723c751e8b465ee728b)
Start importing Assets/New Folder/Standard Assets/Models/Terrain Assets/Trees Ambient-Occlusion using Guid(b05a7ad0bb01b424dabcf8706a310fdd) Importer(815301076,1909f56bfc062723c751e8b465ee728b)  -> (artifact id: 'bbf12cf23a14bd474ea6431953f2f572') in 0.010146 seconds 
  Import took 0.013082 seconds .

========================================================================
Received Import Request.
  Time since last request: 0.898285 seconds.
  path: Assets/New Folder/Standard Assets/Models/Terrain Assets/Trees Ambient-Occlusion/Textures
  artifactKey: Guid(8eed238f69fec264bb63ecacc6b4e1e1) Importer(815301076,1909f56bfc062723c751e8b465ee728b)
Start importing Assets/New Folder/Standard Assets/Models/Terrain Assets/Trees Ambient-Occlusion/Textures using Guid(8eed238f69fec264bb63ecacc6b4e1e1) Importer(815301076,1909f56bfc062723c751e8b465ee728b)  -> (artifact id: '7de3260d35aeb9e1777a83bb5918355a') in 0.010834 seconds 
  Import took 0.013848 seconds .

========================================================================
Received Import Request.
  Time since last request: 0.043971 seconds.
  path: Assets/New Folder/Standard Assets/Models/Terrain Assets/Trees Ambient-Occlusion/Textures/BananaPlantTexture.psd
  artifactKey: Guid(f07b0c8ecd118f12a000e6888f962b59) Importer(815301076,1909f56bfc062723c751e8b465ee728b)
Start importing Assets/New Folder/Standard Assets/Models/Terrain Assets/Trees Ambient-Occlusion/Textures/BananaPlantTexture.psd using Guid(f07b0c8ecd118f12a000e6888f962b59) Importer(815301076,1909f56bfc062723c751e8b465ee728b)  -> (artifact id: 'd96daadec24e3f4d85b68ed8332240d2') in 0.022116 seconds 
  Import took 0.025135 seconds .

========================================================================
Received Import Request.
  Time since last request: 0.000217 seconds.
  path: Assets/New Folder/Standard Assets/Models/Terrain Assets/Trees Ambient-Occlusion/Textures/ScotsPinebranches.psd
  artifactKey: Guid(a3f12a31bd1113061100b7a844295342) Importer(815301076,1909f56bfc062723c751e8b465ee728b)
Start importing Assets/New Folder/Standard Assets/Models/Terrain Assets/Trees Ambient-Occlusion/Textures/ScotsPinebranches.psd using Guid(a3f12a31bd1113061100b7a844295342) Importer(815301076,1909f56bfc062723c751e8b465ee728b)  -> (artifact id: 'f82e37b3c00d16b99917e5324c4e0bb3') in 0.017305 seconds 
  Import took 0.020557 seconds .

========================================================================
Received Import Request.
  Time since last request: 0.000243 seconds.
  path: Assets/New Folder/Standard Assets/Models/Terrain Assets/Trees Ambient-Occlusion/Textures/ScotsPineTrunk.psd
  artifactKey: Guid(c9f636a2b314ed36c25fd64b70184ce4) Importer(815301076,1909f56bfc062723c751e8b465ee728b)
Start importing Assets/New Folder/Standard Assets/Models/Terrain Assets/Trees Ambient-Occlusion/Textures/ScotsPineTrunk.psd using Guid(c9f636a2b314ed36c25fd64b70184ce4) Importer(815301076,1909f56bfc062723c751e8b465ee728b)  -> (artifact id: '2ace6383a7e0e9b0421ae39b54b927b1') in 0.015686 seconds 
  Import took 0.018905 seconds .

========================================================================
Received Import Request.
  Time since last request: 0.000337 seconds.
  path: Assets/New Folder/Standard Assets/Models/Terrain Assets/Trees Ambient-Occlusion/Textures/JapaneseMapleBranch.psd
  artifactKey: Guid(6468622abd11e9f9a0003c6b8f962b59) Importer(815301076,1909f56bfc062723c751e8b465ee728b)
Start importing Assets/New Folder/Standard Assets/Models/Terrain Assets/Trees Ambient-Occlusion/Textures/JapaneseMapleBranch.psd using Guid(6468622abd11e9f9a0003c6b8f962b59) Importer(815301076,1909f56bfc062723c751e8b465ee728b)  -> (artifact id: '6f2d3fe35950268a15d222f643d39813') in 0.017575 seconds 
  Import took 0.021493 seconds .

========================================================================
Received Import Request.
  Time since last request: 0.000327 seconds.
  path: Assets/New Folder/Standard Assets/Models/Terrain Assets/Trees Ambient-Occlusion/Textures/JapaneseBark.PSD
  artifactKey: Guid(4118622abd11e9f9a0003c6b8f962b59) Importer(815301076,1909f56bfc062723c751e8b465ee728b)
Start importing Assets/New Folder/Standard Assets/Models/Terrain Assets/Trees Ambient-Occlusion/Textures/JapaneseBark.PSD using Guid(4118622abd11e9f9a0003c6b8f962b59) Importer(815301076,1909f56bfc062723c751e8b465ee728b)  -> (artifact id: 'd3c771267221e422a131aa390ddeba7d') in 0.021481 seconds 
  Import took 0.024546 seconds .

========================================================================
Received Import Request.
  Time since last request: 28.149610 seconds.
  path: Assets/Scenes
  artifactKey: Guid(2fdd5cb4e1ee0594f9b30746db5e36bd) Importer(815301076,1909f56bfc062723c751e8b465ee728b)
Start importing Assets/Scenes using Guid(2fdd5cb4e1ee0594f9b30746db5e36bd) Importer(815301076,1909f56bfc062723c751e8b465ee728b)  -> (artifact id: 'fdb8acab07d533f41bde9563d13a17c4') in 0.010772 seconds 
  Import took 0.013904 seconds .

========================================================================
Received Import Request.
  Time since last request: 23.176276 seconds.
  path: Assets/Scenes/SampleScene.unity
  artifactKey: Guid(9fc0d4010bbf28b4594072e72b8655ab) Importer(815301076,1909f56bfc062723c751e8b465ee728b)
Start importing Assets/Scenes/SampleScene.unity using Guid(9fc0d4010bbf28b4594072e72b8655ab) Importer(815301076,1909f56bfc062723c751e8b465ee728b)  -> (artifact id: '85059f4f9e1a832ed95adaa0d25c5c4c') in 0.012496 seconds 
  Import took 0.015484 seconds .

========================================================================
Received Prepare
Registering precompiled user dll's ...
Registered in 0.005472 seconds.
Begin MonoManager ReloadAssembly
Native extension for WindowsStandalone target not found
Native extension for WebGL target not found
Refreshing native plugins compatible for Editor in 0.38 ms, found 2 plugins.
Preloading 0 native plugins for Editor in 0.00 ms.
Mono: successfully reloaded assembly
- Completed reload, in  1.255 seconds
Domain Reload Profiling:
	ReloadAssembly (1256ms)
		BeginReloadAssembly (140ms)
			ExecutionOrderSort (0ms)
			DisableScriptedObjects (5ms)
			BackupInstance (0ms)
			ReleaseScriptingObjects (0ms)
			CreateAndSetChildDomain (38ms)
		EndReloadAssembly (1022ms)
			LoadAssemblies (109ms)
			RebuildTransferFunctionScriptingTraits (0ms)
			SetupTypeCache (356ms)
			ReleaseScriptCaches (1ms)
			RebuildScriptCaches (43ms)
			SetupLoadedEditorAssemblies (405ms)
				LogAssemblyErrors (0ms)
				InitializePlatformSupportModulesInManaged (6ms)
				SetLoadedEditorAssemblies (0ms)
				RefreshPlugins (0ms)
				BeforeProcessingInitializeOnLoad (94ms)
				ProcessInitializeOnLoadAttributes (292ms)
				ProcessInitializeOnLoadMethodAttributes (3ms)
				AfterProcessingInitializeOnLoad (8ms)
				EditorAssembliesLoaded (0ms)
			ExecutionOrderSort2 (0ms)
			AwakeInstancesAfterBackupRestoration (6ms)
Platform modules already initialized, skipping
Refreshing native plugins compatible for Editor in 0.39 ms, found 2 plugins.
Preloading 0 native plugins for Editor in 0.00 ms.
Unloading 1833 Unused Serialized files (Serialized files now loaded: 0)
System memory in use before: 85.7 MB.
System memory in use after: 85.8 MB.

Unloading 24 unused Assets to reduce memory usage. Loaded Objects now: 2299.
Total: 3.269000 ms (FindLiveObjects: 0.205600 ms CreateObjectMapping: 0.076000 ms MarkObjects: 2.960100 ms  DeleteObjects: 0.026000 ms)

AssetImportParameters requested are different than current active one (requested -> active):
  custom:framework-win-MediaFoundation: 216162199b28c13a410421893ffa2e32 -> 
  custom:video-decoder-ogg-theora: a1e56fd34408186e4bbccfd4996cb3dc -> 
  custom:container-muxer-webm: aa71ff27fc2769a1b78a27578f13a17b -> 
  custom:container-demuxer-webm: 4f35f7cbe854078d1ac9338744f61a02 -> 
  custom:container-demuxer-ogg: 62fdf1f143b41e24485cea50d1cbac27 -> 
  custom:video-encoder-webm-vp8: eb34c28f22e8b96e1ab97ce403110664 -> 
  custom:video-codec-MediaFoundation-h265: 746d11721c4dcdbdad8f713fa42b33f4 -> 
  custom:video-decoder-webm-vp8: 9c59270c3fd7afecdb556c50c9e8de78 -> 
  custom:audio-decoder-ogg-vorbis: bf7c407c2cedff20999df2af8eb42d56 -> 
  custom:audio-encoder-webm-vorbis: bf7c407c2cedff20999df2af8eb42d56 -> 
========================================================================
Received Prepare
Registering precompiled user dll's ...
Registered in 0.012088 seconds.
Begin MonoManager ReloadAssembly
Native extension for WindowsStandalone target not found
Native extension for WebGL target not found
Refreshing native plugins compatible for Editor in 0.38 ms, found 2 plugins.
Preloading 0 native plugins for Editor in 0.00 ms.
Mono: successfully reloaded assembly
- Completed reload, in  1.184 seconds
Domain Reload Profiling:
	ReloadAssembly (1185ms)
		BeginReloadAssembly (124ms)
			ExecutionOrderSort (0ms)
			DisableScriptedObjects (5ms)
			BackupInstance (0ms)
			ReleaseScriptingObjects (0ms)
			CreateAndSetChildDomain (37ms)
		EndReloadAssembly (972ms)
			LoadAssemblies (105ms)
			RebuildTransferFunctionScriptingTraits (0ms)
			SetupTypeCache (310ms)
			ReleaseScriptCaches (1ms)
			RebuildScriptCaches (42ms)
			SetupLoadedEditorAssemblies (410ms)
				LogAssemblyErrors (0ms)
				InitializePlatformSupportModulesInManaged (6ms)
				SetLoadedEditorAssemblies (1ms)
				RefreshPlugins (0ms)
				BeforeProcessingInitializeOnLoad (86ms)
				ProcessInitializeOnLoadAttributes (293ms)
				ProcessInitializeOnLoadMethodAttributes (16ms)
				AfterProcessingInitializeOnLoad (8ms)
				EditorAssembliesLoaded (0ms)
			ExecutionOrderSort2 (0ms)
			AwakeInstancesAfterBackupRestoration (7ms)
Platform modules already initialized, skipping
Refreshing native plugins compatible for Editor in 0.38 ms, found 2 plugins.
Preloading 0 native plugins for Editor in 0.00 ms.
Unloading 1846 Unused Serialized files (Serialized files now loaded: 0)
System memory in use before: 86.1 MB.
System memory in use after: 86.2 MB.

Unloading 15 unused Assets to reduce memory usage. Loaded Objects now: 2310.
Total: 3.115000 ms (FindLiveObjects: 0.250400 ms CreateObjectMapping: 0.111500 ms MarkObjects: 2.731500 ms  DeleteObjects: 0.020600 ms)

AssetImportParameters requested are different than current active one (requested -> active):
  custom:framework-win-MediaFoundation: 216162199b28c13a410421893ffa2e32 -> 
  custom:video-decoder-ogg-theora: a1e56fd34408186e4bbccfd4996cb3dc -> 
  custom:container-muxer-webm: aa71ff27fc2769a1b78a27578f13a17b -> 
  custom:container-demuxer-webm: 4f35f7cbe854078d1ac9338744f61a02 -> 
  custom:container-demuxer-ogg: 62fdf1f143b41e24485cea50d1cbac27 -> 
  custom:video-encoder-webm-vp8: eb34c28f22e8b96e1ab97ce403110664 -> 
  custom:video-codec-MediaFoundation-h265: 746d11721c4dcdbdad8f713fa42b33f4 -> 
  custom:video-decoder-webm-vp8: 9c59270c3fd7afecdb556c50c9e8de78 -> 
  custom:audio-decoder-ogg-vorbis: bf7c407c2cedff20999df2af8eb42d56 -> 
  custom:audio-encoder-webm-vorbis: bf7c407c2cedff20999df2af8eb42d56 -> 
========================================================================
Received Import Request.
  Time since last request: 232.278141 seconds.
  path: Assets/New Folder/Standard Assets/StarterAssets/StarterAssets_Documentation.pdf
  artifactKey: Guid(a4b3ee9030379a042983d43d671fcc92) Importer(815301076,1909f56bfc062723c751e8b465ee728b)
Start importing Assets/New Folder/Standard Assets/StarterAssets/StarterAssets_Documentation.pdf using Guid(a4b3ee9030379a042983d43d671fcc92) Importer(815301076,1909f56bfc062723c751e8b465ee728b)  -> (artifact id: 'fbb89267d8754c6871dec6804f471b70') in 0.033176 seconds 
  Import took 0.036234 seconds .

========================================================================
Received Import Request.
  Time since last request: 7.377225 seconds.
  path: Assets/New Folder/Standard Assets/Terrain Assets/Torch.prefab
  artifactKey: Guid(3dc4a0fc57551479ca6d1e8f3582ab28) Importer(815301076,1909f56bfc062723c751e8b465ee728b)
Start importing Assets/New Folder/Standard Assets/Terrain Assets/Torch.prefab using Guid(3dc4a0fc57551479ca6d1e8f3582ab28) Importer(815301076,1909f56bfc062723c751e8b465ee728b)  -> (artifact id: 'a39bd3b453f3d8a1864e4c8a32bc8159') in 0.062524 seconds 
  Import took 0.066174 seconds .

========================================================================
Received Import Request.
  Time since last request: 6.452457 seconds.
  path: Assets/StarterAssets/ThirdPersonController
  artifactKey: Guid(54b90d7f60b179e4e9909cd127aa060d) Importer(815301076,1909f56bfc062723c751e8b465ee728b)
Start importing Assets/StarterAssets/ThirdPersonController using Guid(54b90d7f60b179e4e9909cd127aa060d) Importer(815301076,1909f56bfc062723c751e8b465ee728b)  -> (artifact id: 'ccaca2cb3ed41389961dac8a636339e1') in 0.010861 seconds 
  Import took 0.013622 seconds .

========================================================================
Received Import Request.
  Time since last request: 2.346336 seconds.
  path: Assets/StarterAssets/Environment
  artifactKey: Guid(8d8da06649314d7498296c53b4a0a77a) Importer(815301076,1909f56bfc062723c751e8b465ee728b)
Start importing Assets/StarterAssets/Environment using Guid(8d8da06649314d7498296c53b4a0a77a) Importer(815301076,1909f56bfc062723c751e8b465ee728b)  -> (artifact id: '6c3cefb7cdd29f01e00116932c9ccb25') in 0.011121 seconds 
  Import took 0.013634 seconds .

========================================================================
Received Import Request.
  Time since last request: 0.354177 seconds.
  path: Assets/StarterAssets/InputSystem
  artifactKey: Guid(48c9acd554a28814b922162e3fa889b0) Importer(815301076,1909f56bfc062723c751e8b465ee728b)
Start importing Assets/StarterAssets/InputSystem using Guid(48c9acd554a28814b922162e3fa889b0) Importer(815301076,1909f56bfc062723c751e8b465ee728b)  -> (artifact id: '40c0328e2710e82cf37b03319b0d6c42') in 0.016014 seconds 
  Import took 0.019519 seconds .

========================================================================
Received Import Request.
  Time since last request: 0.394428 seconds.
  path: Assets/StarterAssets/Mobile
  artifactKey: Guid(14344c134ca94dc42887027aebcf24a5) Importer(815301076,1909f56bfc062723c751e8b465ee728b)
Start importing Assets/StarterAssets/Mobile using Guid(14344c134ca94dc42887027aebcf24a5) Importer(815301076,1909f56bfc062723c751e8b465ee728b)  -> (artifact id: '1848f8b732d7e8dda5749af44ba2ca2a') in 0.012716 seconds 
  Import took 0.016331 seconds .

========================================================================
Received Import Request.
  Time since last request: 21.749379 seconds.
  path: Assets/StarterAssets/ThirdPersonController/Scenes
  artifactKey: Guid(89e5f9b6a0fcdae4e8ccb4b461925e8c) Importer(815301076,1909f56bfc062723c751e8b465ee728b)
Start importing Assets/StarterAssets/ThirdPersonController/Scenes using Guid(89e5f9b6a0fcdae4e8ccb4b461925e8c) Importer(815301076,1909f56bfc062723c751e8b465ee728b)  -> (artifact id: '66160e98a040a5a40bed15927db5fc74') in 0.010231 seconds 
  Import took 0.013318 seconds .

========================================================================
Received Import Request.
  Time since last request: 1.002716 seconds.
  path: Assets/StarterAssets/ThirdPersonController/Scenes/Playground.unity
  artifactKey: Guid(e9017d5f96b9f09489b4b37e1d6eb914) Importer(815301076,1909f56bfc062723c751e8b465ee728b)
Start importing Assets/StarterAssets/ThirdPersonController/Scenes/Playground.unity using Guid(e9017d5f96b9f09489b4b37e1d6eb914) Importer(815301076,1909f56bfc062723c751e8b465ee728b)  -> (artifact id: '641e7f5ea335728b3131c373167c6795') in 0.013928 seconds 
  Import took 0.016480 seconds .

========================================================================
Received Import Request.
  Time since last request: 12.307067 seconds.
  path: Assets/StarterAssets/ThirdPersonController/Prefabs
  artifactKey: Guid(84b4ab346fc32d445b7207cb1884cf42) Importer(815301076,1909f56bfc062723c751e8b465ee728b)
Start importing Assets/StarterAssets/ThirdPersonController/Prefabs using Guid(84b4ab346fc32d445b7207cb1884cf42) Importer(815301076,1909f56bfc062723c751e8b465ee728b)  -> (artifact id: 'f3eff2dc81c9fb56594afd94778d9ba3') in 0.010389 seconds 
  Import took 0.013113 seconds .

========================================================================
Received Import Request.
  Time since last request: 0.650210 seconds.
  path: Assets/StarterAssets/ThirdPersonController/Scripts
  artifactKey: Guid(22db1f6f78cfb3440835ed6dee5f8e9e) Importer(815301076,1909f56bfc062723c751e8b465ee728b)
Start importing Assets/StarterAssets/ThirdPersonController/Scripts using Guid(22db1f6f78cfb3440835ed6dee5f8e9e) Importer(815301076,1909f56bfc062723c751e8b465ee728b)  -> (artifact id: '98965477280ccf5c08c46d0f3e471f61') in 0.010361 seconds 
  Import took 0.013047 seconds .

========================================================================
Received Import Request.
  Time since last request: 0.459686 seconds.
  path: Assets/StarterAssets/ThirdPersonController/Character
  artifactKey: Guid(135db69c43c47ee4e97c7c6b13621056) Importer(815301076,1909f56bfc062723c751e8b465ee728b)
Start importing Assets/StarterAssets/ThirdPersonController/Character using Guid(135db69c43c47ee4e97c7c6b13621056) Importer(815301076,1909f56bfc062723c751e8b465ee728b)  -> (artifact id: '6ec6064f874bbfc89d8d468e5298ac32') in 0.010253 seconds 
  Import took 0.012928 seconds .

========================================================================
Received Prepare
Registering precompiled user dll's ...
Registered in 0.004984 seconds.
Begin MonoManager ReloadAssembly
Native extension for WindowsStandalone target not found
Native extension for WebGL target not found
Refreshing native plugins compatible for Editor in 0.49 ms, found 2 plugins.
Preloading 0 native plugins for Editor in 0.00 ms.
Mono: successfully reloaded assembly
- Completed reload, in  1.351 seconds
Domain Reload Profiling:
	ReloadAssembly (1351ms)
		BeginReloadAssembly (126ms)
			ExecutionOrderSort (0ms)
			DisableScriptedObjects (5ms)
			BackupInstance (0ms)
			ReleaseScriptingObjects (0ms)
			CreateAndSetChildDomain (37ms)
		EndReloadAssembly (1152ms)
			LoadAssemblies (100ms)
			RebuildTransferFunctionScriptingTraits (0ms)
			SetupTypeCache (353ms)
			ReleaseScriptCaches (1ms)
			RebuildScriptCaches (45ms)
			SetupLoadedEditorAssemblies (512ms)
				LogAssemblyErrors (0ms)
				InitializePlatformSupportModulesInManaged (8ms)
				SetLoadedEditorAssemblies (1ms)
				RefreshPlugins (1ms)
				BeforeProcessingInitializeOnLoad (126ms)
				ProcessInitializeOnLoadAttributes (363ms)
				ProcessInitializeOnLoadMethodAttributes (4ms)
				AfterProcessingInitializeOnLoad (9ms)
				EditorAssembliesLoaded (0ms)
			ExecutionOrderSort2 (0ms)
			AwakeInstancesAfterBackupRestoration (7ms)
Platform modules already initialized, skipping
Refreshing native plugins compatible for Editor in 0.54 ms, found 2 plugins.
Preloading 0 native plugins for Editor in 0.00 ms.
Unloading 1881 Unused Serialized files (Serialized files now loaded: 0)
System memory in use before: 87.6 MB.
System memory in use after: 87.7 MB.

Unloading 24 unused Assets to reduce memory usage. Loaded Objects now: 2352.
Total: 3.198600 ms (FindLiveObjects: 0.187800 ms CreateObjectMapping: 0.084600 ms MarkObjects: 2.881500 ms  DeleteObjects: 0.043100 ms)

AssetImportParameters requested are different than current active one (requested -> active):
  custom:framework-win-MediaFoundation: 216162199b28c13a410421893ffa2e32 -> 
  custom:video-decoder-ogg-theora: a1e56fd34408186e4bbccfd4996cb3dc -> 
  custom:container-muxer-webm: aa71ff27fc2769a1b78a27578f13a17b -> 
  custom:container-demuxer-webm: 4f35f7cbe854078d1ac9338744f61a02 -> 
  custom:container-demuxer-ogg: 62fdf1f143b41e24485cea50d1cbac27 -> 
  custom:video-encoder-webm-vp8: eb34c28f22e8b96e1ab97ce403110664 -> 
  custom:video-codec-MediaFoundation-h265: 746d11721c4dcdbdad8f713fa42b33f4 -> 
  custom:video-decoder-webm-vp8: 9c59270c3fd7afecdb556c50c9e8de78 -> 
  custom:audio-decoder-ogg-vorbis: bf7c407c2cedff20999df2af8eb42d56 -> 
  custom:audio-encoder-webm-vorbis: bf7c407c2cedff20999df2af8eb42d56 -> 
========================================================================
Received Prepare
Registering precompiled user dll's ...
Registered in 0.008955 seconds.
Begin MonoManager ReloadAssembly
Native extension for WindowsStandalone target not found
Native extension for WebGL target not found
Refreshing native plugins compatible for Editor in 0.45 ms, found 2 plugins.
Preloading 0 native plugins for Editor in 0.00 ms.
Mono: successfully reloaded assembly
- Completed reload, in  1.167 seconds
Domain Reload Profiling:
	ReloadAssembly (1168ms)
		BeginReloadAssembly (119ms)
			ExecutionOrderSort (0ms)
			DisableScriptedObjects (6ms)
			BackupInstance (0ms)
			ReleaseScriptingObjects (0ms)
			CreateAndSetChildDomain (35ms)
		EndReloadAssembly (972ms)
			LoadAssemblies (100ms)
			RebuildTransferFunctionScriptingTraits (0ms)
			SetupTypeCache (303ms)
			ReleaseScriptCaches (1ms)
			RebuildScriptCaches (42ms)
			SetupLoadedEditorAssemblies (420ms)
				LogAssemblyErrors (0ms)
				InitializePlatformSupportModulesInManaged (6ms)
				SetLoadedEditorAssemblies (0ms)
				RefreshPlugins (1ms)
				BeforeProcessingInitializeOnLoad (85ms)
				ProcessInitializeOnLoadAttributes (300ms)
				ProcessInitializeOnLoadMethodAttributes (20ms)
				AfterProcessingInitializeOnLoad (8ms)
				EditorAssembliesLoaded (0ms)
			ExecutionOrderSort2 (0ms)
			AwakeInstancesAfterBackupRestoration (7ms)
Platform modules already initialized, skipping
Refreshing native plugins compatible for Editor in 0.41 ms, found 2 plugins.
Preloading 0 native plugins for Editor in 0.00 ms.
Unloading 1893 Unused Serialized files (Serialized files now loaded: 0)
System memory in use before: 87.6 MB.
System memory in use after: 87.8 MB.

Unloading 15 unused Assets to reduce memory usage. Loaded Objects now: 2363.
Total: 2.974100 ms (FindLiveObjects: 0.201500 ms CreateObjectMapping: 0.082100 ms MarkObjects: 2.670400 ms  DeleteObjects: 0.018300 ms)

AssetImportParameters requested are different than current active one (requested -> active):
  custom:framework-win-MediaFoundation: 216162199b28c13a410421893ffa2e32 -> 
  custom:video-decoder-ogg-theora: a1e56fd34408186e4bbccfd4996cb3dc -> 
  custom:container-muxer-webm: aa71ff27fc2769a1b78a27578f13a17b -> 
  custom:container-demuxer-webm: 4f35f7cbe854078d1ac9338744f61a02 -> 
  custom:container-demuxer-ogg: 62fdf1f143b41e24485cea50d1cbac27 -> 
  custom:video-encoder-webm-vp8: eb34c28f22e8b96e1ab97ce403110664 -> 
  custom:video-codec-MediaFoundation-h265: 746d11721c4dcdbdad8f713fa42b33f4 -> 
  custom:video-decoder-webm-vp8: 9c59270c3fd7afecdb556c50c9e8de78 -> 
  custom:audio-decoder-ogg-vorbis: bf7c407c2cedff20999df2af8eb42d56 -> 
  custom:audio-encoder-webm-vorbis: bf7c407c2cedff20999df2af8eb42d56 -> 
========================================================================
Received Import Request.
  Time since last request: 56.822016 seconds.
  path: Assets/New Folder/FPCharacter.prefab
  artifactKey: Guid(600be4a371d7c41a58b162eb0d4ffdb7) Importer(815301076,1909f56bfc062723c751e8b465ee728b)
Start importing Assets/New Folder/FPCharacter.prefab using Guid(600be4a371d7c41a58b162eb0d4ffdb7) Importer(815301076,1909f56bfc062723c751e8b465ee728b)  -> (artifact id: 'b104661161a23120e350dfa9762341ac') in 0.033215 seconds 
  Import took 0.036488 seconds .

========================================================================
Received Import Request.
  Time since last request: 10.273284 seconds.
  path: Assets/New Folder/Standard Assets/Characters/FirstPersonCharacter/Scripts
  artifactKey: Guid(54330533d5428884086485a2de5bcfd6) Importer(815301076,1909f56bfc062723c751e8b465ee728b)
Start importing Assets/New Folder/Standard Assets/Characters/FirstPersonCharacter/Scripts using Guid(54330533d5428884086485a2de5bcfd6) Importer(815301076,1909f56bfc062723c751e8b465ee728b)  -> (artifact id: 'be6a5456578472eae4ec0c426b686406') in 0.010086 seconds 
  Import took 0.012895 seconds .

========================================================================
Received Import Request.
  Time since last request: 0.388742 seconds.
  path: Assets/New Folder/Standard Assets/Characters/FirstPersonCharacter/Audio
  artifactKey: Guid(7927fd65e58d4944987775380d4b03af) Importer(815301076,1909f56bfc062723c751e8b465ee728b)
Start importing Assets/New Folder/Standard Assets/Characters/FirstPersonCharacter/Audio using Guid(7927fd65e58d4944987775380d4b03af) Importer(815301076,1909f56bfc062723c751e8b465ee728b)  -> (artifact id: '11f89cb2c1d3b692765a0a161a49e3f1') in 0.010241 seconds 
  Import took 0.012971 seconds .

========================================================================
Received Prepare
Registering precompiled user dll's ...
Registered in 0.005214 seconds.
Begin MonoManager ReloadAssembly
Native extension for WindowsStandalone target not found
Native extension for WebGL target not found
Refreshing native plugins compatible for Editor in 0.43 ms, found 2 plugins.
Preloading 0 native plugins for Editor in 0.00 ms.
Mono: successfully reloaded assembly
- Completed reload, in  1.207 seconds
Domain Reload Profiling:
	ReloadAssembly (1208ms)
		BeginReloadAssembly (144ms)
			ExecutionOrderSort (0ms)
			DisableScriptedObjects (7ms)
			BackupInstance (0ms)
			ReleaseScriptingObjects (0ms)
			CreateAndSetChildDomain (43ms)
		EndReloadAssembly (991ms)
			LoadAssemblies (105ms)
			RebuildTransferFunctionScriptingTraits (0ms)
			SetupTypeCache (322ms)
			ReleaseScriptCaches (1ms)
			RebuildScriptCaches (40ms)
			SetupLoadedEditorAssemblies (428ms)
				LogAssemblyErrors (0ms)
				InitializePlatformSupportModulesInManaged (5ms)
				SetLoadedEditorAssemblies (0ms)
				RefreshPlugins (0ms)
				BeforeProcessingInitializeOnLoad (85ms)
				ProcessInitializeOnLoadAttributes (307ms)
				ProcessInitializeOnLoadMethodAttributes (21ms)
				AfterProcessingInitializeOnLoad (9ms)
				EditorAssembliesLoaded (0ms)
			ExecutionOrderSort2 (0ms)
			AwakeInstancesAfterBackupRestoration (6ms)
Platform modules already initialized, skipping
Refreshing native plugins compatible for Editor in 0.41 ms, found 2 plugins.
Preloading 0 native plugins for Editor in 0.00 ms.
Unloading 1889 Unused Serialized files (Serialized files now loaded: 0)
System memory in use before: 87.6 MB.
System memory in use after: 87.7 MB.

Unloading 19 unused Assets to reduce memory usage. Loaded Objects now: 2361.
Total: 3.353200 ms (FindLiveObjects: 0.221700 ms CreateObjectMapping: 0.087500 ms MarkObjects: 3.018600 ms  DeleteObjects: 0.023900 ms)

AssetImportParameters requested are different than current active one (requested -> active):
  custom:framework-win-MediaFoundation: 216162199b28c13a410421893ffa2e32 -> 
  custom:video-decoder-ogg-theora: a1e56fd34408186e4bbccfd4996cb3dc -> 
  custom:container-muxer-webm: aa71ff27fc2769a1b78a27578f13a17b -> 
  custom:container-demuxer-webm: 4f35f7cbe854078d1ac9338744f61a02 -> 
  custom:container-demuxer-ogg: 62fdf1f143b41e24485cea50d1cbac27 -> 
  custom:video-encoder-webm-vp8: eb34c28f22e8b96e1ab97ce403110664 -> 
  custom:video-codec-MediaFoundation-h265: 746d11721c4dcdbdad8f713fa42b33f4 -> 
  custom:video-decoder-webm-vp8: 9c59270c3fd7afecdb556c50c9e8de78 -> 
  custom:audio-decoder-ogg-vorbis: bf7c407c2cedff20999df2af8eb42d56 -> 
  custom:audio-encoder-webm-vorbis: bf7c407c2cedff20999df2af8eb42d56 -> 
AssetImportWorkerClient::OnTransportError - code=2 error=End of file
